2025-07-31T09:21:41.473+07:00  INFO 27388 --- [chatapp] [main] com.example.chat.ChatappApplication      : Starting ChatappApplication using Java 22.0.2 with PID 27388 (D:\Code\VCC_Java_Framework_Ass\chat\target\classes started by Admin in D:\Code\VCC_Java_Framework_Ass\chat)
2025-07-31T09:21:41.483+07:00 DEBUG 27388 --- [chatapp] [main] com.example.chat.ChatappApplication      : Running with Spring Boot v3.5.4, Spring v6.2.9
2025-07-31T09:21:41.484+07:00  INFO 27388 --- [chatapp] [main] com.example.chat.ChatappApplication      : No active profile set, falling back to 1 default profile: "default"
2025-07-31T09:21:43.087+07:00  INFO 27388 --- [chatapp] [main] .s.d.r.c.RepositoryConfigurationDelegate : Bootstrapping Spring Data JPA repositories in DEFAULT mode.
2025-07-31T09:21:43.186+07:00  INFO 27388 --- [chatapp] [main] .s.d.r.c.RepositoryConfigurationDelegate : Finished Spring Data repository scanning in 83 ms. Found 2 JPA repository interfaces.
2025-07-31T09:21:44.159+07:00  INFO 27388 --- [chatapp] [main] o.s.b.w.embedded.tomcat.TomcatWebServer  : Tomcat initialized with port 8080 (http)
2025-07-31T09:21:44.186+07:00  INFO 27388 --- [chatapp] [main] o.apache.catalina.core.StandardService   : Starting service [Tomcat]
2025-07-31T09:21:44.187+07:00  INFO 27388 --- [chatapp] [main] o.apache.catalina.core.StandardEngine    : Starting Servlet engine: [Apache Tomcat/10.1.43]
2025-07-31T09:21:44.271+07:00  INFO 27388 --- [chatapp] [main] o.a.c.c.C.[Tomcat].[localhost].[/]       : Initializing Spring embedded WebApplicationContext
2025-07-31T09:21:44.271+07:00  INFO 27388 --- [chatapp] [main] w.s.c.ServletWebServerApplicationContext : Root WebApplicationContext: initialization completed in 2688 ms
2025-07-31T09:21:44.290+07:00  INFO 27388 --- [chatapp] [main] com.example.chat.util.JwtUtil            : JWT Util initialized with secret key (length: 47)
2025-07-31T09:21:44.571+07:00  INFO 27388 --- [chatapp] [main] o.hibernate.jpa.internal.util.LogHelper  : HHH000204: Processing PersistenceUnitInfo [name: default]
2025-07-31T09:21:44.665+07:00  INFO 27388 --- [chatapp] [main] org.hibernate.Version                    : HHH000412: Hibernate ORM core version 6.6.22.Final
2025-07-31T09:21:44.723+07:00  INFO 27388 --- [chatapp] [main] o.h.c.internal.RegionFactoryInitiator    : HHH000026: Second-level cache disabled
2025-07-31T09:21:45.104+07:00  INFO 27388 --- [chatapp] [main] o.s.o.j.p.SpringPersistenceUnitInfo      : No LoadTimeWeaver setup: ignoring JPA class transformer
2025-07-31T09:21:45.144+07:00  INFO 27388 --- [chatapp] [main] com.zaxxer.hikari.HikariDataSource       : HikariPool-1 - Starting...
2025-07-31T09:21:45.429+07:00  INFO 27388 --- [chatapp] [main] com.zaxxer.hikari.pool.HikariPool        : HikariPool-1 - Added connection com.mysql.cj.jdbc.ConnectionImpl@29d3d0fb
2025-07-31T09:21:45.431+07:00  INFO 27388 --- [chatapp] [main] com.zaxxer.hikari.HikariDataSource       : HikariPool-1 - Start completed.
2025-07-31T09:21:45.493+07:00  WARN 27388 --- [chatapp] [main] o.h.e.j.e.i.JdbcEnvironmentInitiator     : HHH000339: Could not obtain connection metadata: java.sql.SQLSyntaxErrorException: Unknown column 'RESERVED' in 'WHERE'
2025-07-31T09:21:45.513+07:00  WARN 27388 --- [chatapp] [main] org.hibernate.orm.deprecation            : HHH90000025: MySQL8Dialect does not need to be specified explicitly using 'hibernate.dialect' (remove the property setting and it will be selected by default)
2025-07-31T09:21:45.514+07:00  WARN 27388 --- [chatapp] [main] org.hibernate.orm.deprecation            : HHH90000026: MySQL8Dialect has been deprecated; use org.hibernate.dialect.MySQLDialect instead
2025-07-31T09:21:45.529+07:00  INFO 27388 --- [chatapp] [main] org.hibernate.orm.connections.pooling    : HHH10001005: Database info:
	Database JDBC URL [Connecting through datasource 'HikariDataSource (HikariPool-1)']
	Database driver: undefined/unknown
	Database version: 8.0
	Autocommit mode: undefined/unknown
	Isolation level: undefined/unknown
	Minimum pool size: undefined/unknown
	Maximum pool size: undefined/unknown
2025-07-31T09:21:46.342+07:00  INFO 27388 --- [chatapp] [main] o.h.e.t.j.p.i.JtaPlatformInitiator       : HHH000489: No JTA platform available (set 'hibernate.transaction.jta.platform' to enable JTA platform integration)
2025-07-31T09:21:46.721+07:00  INFO 27388 --- [chatapp] [main] j.LocalContainerEntityManagerFactoryBean : Initialized JPA EntityManagerFactory for persistence unit 'default'
2025-07-31T09:21:47.327+07:00  WARN 27388 --- [chatapp] [main] JpaBaseConfiguration$JpaWebConfiguration : spring.jpa.open-in-view is enabled by default. Therefore, database queries may be performed during view rendering. Explicitly configure spring.jpa.open-in-view to disable this warning
2025-07-31T09:21:47.366+07:00  WARN 27388 --- [chatapp] [main] .s.s.UserDetailsServiceAutoConfiguration : 

Using generated security password: 0b895e50-310a-4ac7-aff1-f9919c4a6b4a

This generated password is for development use only. Your security configuration must be updated before running your application in production.

2025-07-31T09:21:47.375+07:00  INFO 27388 --- [chatapp] [main] r$InitializeUserDetailsManagerConfigurer : Global AuthenticationManager configured with UserDetailsService bean with name inMemoryUserDetailsManager
2025-07-31T09:21:47.638+07:00 DEBUG 27388 --- [chatapp] [main] o.s.s.web.DefaultSecurityFilterChain     : Will secure any request with filters: DisableEncodeUrlFilter, WebAsyncManagerIntegrationFilter, SecurityContextHolderFilter, HeaderWriterFilter, LogoutFilter, JwtFilter, RequestCacheAwareFilter, SecurityContextHolderAwareRequestFilter, AnonymousAuthenticationFilter, SessionManagementFilter, ExceptionTranslationFilter, AuthorizationFilter
2025-07-31T09:21:47.953+07:00  INFO 27388 --- [chatapp] [main] o.s.b.w.embedded.tomcat.TomcatWebServer  : Tomcat started on port 8080 (http) with context path '/'
2025-07-31T09:21:47.965+07:00  INFO 27388 --- [chatapp] [main] com.example.chat.ChatappApplication      : Started ChatappApplication in 7.401 seconds (process running for 8.12)
2025-07-31T09:21:55.643+07:00  INFO 27388 --- [chatapp] [http-nio-8080-exec-1] o.a.c.c.C.[Tomcat].[localhost].[/]       : Initializing Spring DispatcherServlet 'dispatcherServlet'
2025-07-31T09:21:55.643+07:00  INFO 27388 --- [chatapp] [http-nio-8080-exec-1] o.s.web.servlet.DispatcherServlet        : Initializing Servlet 'dispatcherServlet'
2025-07-31T09:21:55.645+07:00  INFO 27388 --- [chatapp] [http-nio-8080-exec-1] o.s.web.servlet.DispatcherServlet        : Completed initialization in 2 ms
2025-07-31T09:21:55.669+07:00 DEBUG 27388 --- [chatapp] [http-nio-8080-exec-1] o.s.security.web.FilterChainProxy        : Securing POST /api/login
2025-07-31T09:21:55.679+07:00 DEBUG 27388 --- [chatapp] [http-nio-8080-exec-1] com.example.chat.filter.JwtFilter        : No Authorization header found, continuing without authentication
2025-07-31T09:21:55.683+07:00 DEBUG 27388 --- [chatapp] [http-nio-8080-exec-1] o.s.s.w.a.AnonymousAuthenticationFilter  : Set SecurityContextHolder to anonymous SecurityContext
2025-07-31T09:21:55.688+07:00 DEBUG 27388 --- [chatapp] [http-nio-8080-exec-1] o.s.security.web.FilterChainProxy        : Secured POST /api/login
2025-07-31T09:21:55.688+07:00 DEBUG 27388 --- [chatapp] [http-nio-8080-exec-1] com.example.chat.filter.JwtFilter        : No Authorization header found, continuing without authentication
2025-07-31T09:21:55.789+07:00  INFO 27388 --- [chatapp] [http-nio-8080-exec-1] c.e.chat.controller.AuthController       : API /api/login called
2025-07-31T09:21:55.790+07:00  INFO 27388 --- [chatapp] [http-nio-8080-exec-1] c.e.chat.service.impl.AuthServiceImpl    : Login attempt for username: alice
2025-07-31T09:21:56.011+07:00 DEBUG 27388 --- [chatapp] [http-nio-8080-exec-1] com.example.chat.util.JwtUtil            : Generated access token for user 'alice'
2025-07-31T09:21:56.012+07:00 DEBUG 27388 --- [chatapp] [http-nio-8080-exec-1] com.example.chat.util.JwtUtil            : Generated refresh token for user 'alice'
2025-07-31T09:21:56.073+07:00  INFO 27388 --- [chatapp] [http-nio-8080-exec-1] c.e.chat.service.impl.AuthServiceImpl    : User 'alice' logged in successfully. Tokens issued.
2025-07-31T09:22:11.936+07:00 DEBUG 27388 --- [chatapp] [http-nio-8080-exec-4] o.s.security.web.FilterChainProxy        : Securing POST /api/send
2025-07-31T09:22:11.960+07:00 DEBUG 27388 --- [chatapp] [http-nio-8080-exec-4] com.example.chat.util.JwtUtil            : Token validated successfully for user 'alice'
2025-07-31T09:22:11.961+07:00 DEBUG 27388 --- [chatapp] [http-nio-8080-exec-4] com.example.chat.filter.JwtFilter        : JWT validated successfully for user 'alice'
2025-07-31T09:22:11.961+07:00 DEBUG 27388 --- [chatapp] [http-nio-8080-exec-4] o.s.s.w.a.AnonymousAuthenticationFilter  : Set SecurityContextHolder to anonymous SecurityContext
2025-07-31T09:22:11.961+07:00 DEBUG 27388 --- [chatapp] [http-nio-8080-exec-4] o.s.security.web.FilterChainProxy        : Secured POST /api/send
2025-07-31T09:22:11.964+07:00 DEBUG 27388 --- [chatapp] [http-nio-8080-exec-4] com.example.chat.util.JwtUtil            : Token validated successfully for user 'alice'
2025-07-31T09:22:11.964+07:00 DEBUG 27388 --- [chatapp] [http-nio-8080-exec-4] com.example.chat.filter.JwtFilter        : JWT validated successfully for user 'alice'
2025-07-31T09:22:12.008+07:00  INFO 27388 --- [chatapp] [http-nio-8080-exec-4] c.e.chat.controller.MessageController    : Received message send request from 'bob'
2025-07-31T09:22:12.013+07:00 DEBUG 27388 --- [chatapp] [http-nio-8080-exec-4] com.example.chat.util.JwtUtil            : Token validated successfully for user 'alice'
2025-07-31T09:22:12.014+07:00  INFO 27388 --- [chatapp] [http-nio-8080-exec-4] c.e.c.service.impl.MessageServiceImpl    : Sending message from 'alice' to 'bob'
2025-07-31T09:22:12.025+07:00  INFO 27388 --- [chatapp] [http-nio-8080-exec-4] c.e.c.service.impl.MessageServiceImpl    : Saved text message from 'alice' to 'bob'
2025-07-31T09:22:12.069+07:00  INFO 27388 --- [chatapp] [http-nio-8080-exec-4] c.e.c.service.impl.MessageServiceImpl    : Stored message for offline user 'bob'
2025-07-31T09:22:12.069+07:00  INFO 27388 --- [chatapp] [http-nio-8080-exec-4] c.e.chat.controller.MessageController    : Message queued for 'bob'
2025-07-31T09:22:16.081+07:00 DEBUG 27388 --- [chatapp] [http-nio-8080-exec-7] o.s.security.web.FilterChainProxy        : Securing POST /api/login
2025-07-31T09:22:16.082+07:00 DEBUG 27388 --- [chatapp] [http-nio-8080-exec-7] com.example.chat.filter.JwtFilter        : No Authorization header found, continuing without authentication
2025-07-31T09:22:16.082+07:00 DEBUG 27388 --- [chatapp] [http-nio-8080-exec-7] o.s.s.w.a.AnonymousAuthenticationFilter  : Set SecurityContextHolder to anonymous SecurityContext
2025-07-31T09:22:16.082+07:00 DEBUG 27388 --- [chatapp] [http-nio-8080-exec-7] o.s.security.web.FilterChainProxy        : Secured POST /api/login
2025-07-31T09:22:16.082+07:00 DEBUG 27388 --- [chatapp] [http-nio-8080-exec-7] com.example.chat.filter.JwtFilter        : No Authorization header found, continuing without authentication
2025-07-31T09:22:16.083+07:00  INFO 27388 --- [chatapp] [http-nio-8080-exec-7] c.e.chat.controller.AuthController       : API /api/login called
2025-07-31T09:22:16.083+07:00  INFO 27388 --- [chatapp] [http-nio-8080-exec-7] c.e.chat.service.impl.AuthServiceImpl    : Login attempt for username: bob
2025-07-31T09:22:16.089+07:00 DEBUG 27388 --- [chatapp] [http-nio-8080-exec-7] com.example.chat.util.JwtUtil            : Generated access token for user 'bob'
2025-07-31T09:22:16.090+07:00 DEBUG 27388 --- [chatapp] [http-nio-8080-exec-7] com.example.chat.util.JwtUtil            : Generated refresh token for user 'bob'
2025-07-31T09:22:16.095+07:00  INFO 27388 --- [chatapp] [http-nio-8080-exec-7] c.e.chat.service.impl.AuthServiceImpl    : User 'bob' logged in successfully. Tokens issued.
2025-07-31T09:22:29.152+07:00 DEBUG 27388 --- [chatapp] [http-nio-8080-exec-8] o.s.security.web.FilterChainProxy        : Securing GET /api/messages
2025-07-31T09:22:29.155+07:00 DEBUG 27388 --- [chatapp] [http-nio-8080-exec-8] com.example.chat.util.JwtUtil            : Token validated successfully for user 'bob'
2025-07-31T09:22:29.155+07:00 DEBUG 27388 --- [chatapp] [http-nio-8080-exec-8] com.example.chat.filter.JwtFilter        : JWT validated successfully for user 'bob'
2025-07-31T09:22:29.156+07:00 DEBUG 27388 --- [chatapp] [http-nio-8080-exec-8] o.s.s.w.a.AnonymousAuthenticationFilter  : Set SecurityContextHolder to anonymous SecurityContext
2025-07-31T09:22:29.156+07:00 DEBUG 27388 --- [chatapp] [http-nio-8080-exec-8] o.s.security.web.FilterChainProxy        : Secured GET /api/messages
2025-07-31T09:22:29.159+07:00 DEBUG 27388 --- [chatapp] [http-nio-8080-exec-8] com.example.chat.util.JwtUtil            : Token validated successfully for user 'bob'
2025-07-31T09:22:29.160+07:00 DEBUG 27388 --- [chatapp] [http-nio-8080-exec-8] com.example.chat.filter.JwtFilter        : JWT validated successfully for user 'bob'
2025-07-31T09:22:29.162+07:00  INFO 27388 --- [chatapp] [http-nio-8080-exec-8] c.e.chat.controller.MessageController    : Polling for new messages
2025-07-31T09:22:29.164+07:00 DEBUG 27388 --- [chatapp] [http-nio-8080-exec-8] com.example.chat.util.JwtUtil            : Token validated successfully for user 'bob'
2025-07-31T09:22:29.165+07:00  INFO 27388 --- [chatapp] [http-nio-8080-exec-8] c.e.c.service.impl.MessageServiceImpl    : User 'bob' is polling for new messages
2025-07-31T09:22:29.299+07:00  INFO 27388 --- [chatapp] [http-nio-8080-exec-8] c.e.c.service.impl.MessageServiceImpl    : Returned 2 pending message(s) to 'bob'
2025-07-31T09:22:29.300+07:00 DEBUG 27388 --- [chatapp] [http-nio-8080-exec-8] c.e.chat.controller.MessageController    : Returned 2 message(s)
